<?xml version="1.0" encoding="UTF-8"?>
<!-- Generated by org.testng.reporters.JUnitReportReporter -->
<testsuite hostname="Debu_Lenovo" failures="0" tests="6" name="api.test.DDTest" time="10.367" errors="0" timestamp="2024-01-18T21:23:36 IST" skipped="0">
  <testcase classname="api.test.DDTest" name="testPostuser" time="3.169"/>
  <testcase classname="api.test.DDTest" name="testPostuser" time="1.431"/>
  <testcase classname="api.test.DDTest" name="testPostuser" time="1.420"/>
  <testcase classname="api.test.DDTest" name="testDeleteUserByName" time="1.302"/>
  <testcase classname="api.test.DDTest" name="testDeleteUserByName" time="1.589"/>
  <testcase classname="api.test.DDTest" name="testDeleteUserByName" time="1.456"/>
</testsuite> <!-- api.test.DDTest -->
