<?xml version="1.0" encoding="UTF-8"?>
<!-- Generated by org.testng.reporters.JUnitReportReporter -->
<testsuite hostname="Debu_Lenovo" failures="0" tests="4" name="api.test.UserTests2" time="7.517" errors="0" timestamp="2024-01-18T21:52:09 IST" skipped="0">
  <testcase classname="api.test.UserTests2" name="testPostUser" time="2.718"/>
  <testcase classname="api.test.UserTests2" name="testGetUserByName" time="1.265"/>
  <testcase classname="api.test.UserTests2" name="testUpdateUserByName" time="2.280"/>
  <testcase classname="api.test.UserTests2" name="testDeleteUserByName" time="1.254"/>
</testsuite> <!-- api.test.UserTests2 -->
