<?xml version="1.0" encoding="UTF-8"?>
<!-- Generated by org.testng.reporters.JUnitReportReporter -->
<testsuite hostname="Debu_Lenovo" failures="0" tests="4" name="api.test.UserTests" time="9.978" errors="0" timestamp="2024-01-18T21:40:59 IST" skipped="0">
  <testcase classname="api.test.UserTests" name="testPostUser" time="3.908"/>
  <testcase classname="api.test.UserTests" name="testGetUserByName" time="1.489"/>
  <testcase classname="api.test.UserTests" name="testUpdateUserByName" time="3.049"/>
  <testcase classname="api.test.UserTests" name="testDeleteUserByName" time="1.532"/>
</testsuite> <!-- api.test.UserTests -->
