<?xml version="1.0" encoding="UTF-8"?>
<!-- Generated by org.testng.reporters.JUnitReportReporter -->
<testsuite hostname="Debu_Lenovo" failures="0" tests="4" name="api.test.UserTests2" time="8.909" errors="0" timestamp="2024-01-19T02:32:04 IST" skipped="0">
  <testcase classname="api.test.UserTests2" name="testPostUser" time="2.965"/>
  <testcase classname="api.test.UserTests2" name="testGetUserByName" time="1.430"/>
  <testcase classname="api.test.UserTests2" name="testUpdateUserByName" time="2.967"/>
  <testcase classname="api.test.UserTests2" name="testDeleteUserByName" time="1.547"/>
</testsuite> <!-- api.test.UserTests2 -->
